app/build/intermediates/manifest_merge_blame_file/debug/manifest-merger-blame-debug-report.txt
1<?xml version="1.0" encoding="utf-8"?>
2<manifest xmlns:android="http://schemas.android.com/apk/res/android"
3    package="de.thkoeln.cvogt.android.activities"
4    android:versionCode="1"
5    android:versionName="1.0" >
6
7    <uses-sdk
8        android:minSdkVersion="11"
8-->src\main\AndroidManifest.xml
9        android:targetSdkVersion="23" />
9-->src\main\AndroidManifest.xml
10
11    <application
11-->src\main\AndroidManifest.xml:7:5-25:19
12        android:allowBackup="true"
12-->src\main\AndroidManifest.xml:8:9-35
13        android:debuggable="true"
14        android:icon="@drawable/icon_thk_android"
14-->src\main\AndroidManifest.xml:9:9-50
15        android:label="@string/app_name"
15-->src\main\AndroidManifest.xml:10:9-41
16        android:testOnly="true"
17        android:theme="@style/AppTheme" >
17-->src\main\AndroidManifest.xml:11:9-40
18        <activity android:name="de.thkoeln.cvogt.android.activities.MainActivity" >
18-->src\main\AndroidManifest.xml:12:9-18:20
18-->src\main\AndroidManifest.xml:12:19-47
19            <intent-filter>
19-->src\main\AndroidManifest.xml:13:13-17:29
20                <action android:name="android.intent.action.MAIN" />
20-->src\main\AndroidManifest.xml:14:17-69
20-->src\main\AndroidManifest.xml:14:25-66
21
22                <category android:name="android.intent.category.LAUNCHER" />
22-->src\main\AndroidManifest.xml:16:17-77
22-->src\main\AndroidManifest.xml:16:27-74
23            </intent-filter>
24        </activity>
25        <activity
25-->src\main\AndroidManifest.xml:19:9-21:55
26            android:name="de.thkoeln.cvogt.android.activities.SecondActivity"
26-->src\main\AndroidManifest.xml:20:13-43
27            android:label="@string/activity2_title" />
27-->src\main\AndroidManifest.xml:21:13-52
28        <activity
28-->src\main\AndroidManifest.xml:22:9-24:55
29            android:name="de.thkoeln.cvogt.android.activities.ThirdActivity"
29-->src\main\AndroidManifest.xml:23:13-42
30            android:label="@string/activity2_title" />
30-->src\main\AndroidManifest.xml:24:13-52
31    </application>
32
33</manifest>